mode: set
gostudy/nonrepeatingstr/map.go:5.36,12.32 4 1
gostudy/nonrepeatingstr/map.go:28.2,28.18 1 1
gostudy/nonrepeatingstr/map.go:12.32,14.43 1 1
gostudy/nonrepeatingstr/map.go:19.3,19.34 1 1
gostudy/nonrepeatingstr/map.go:24.3,24.16 1 1
gostudy/nonrepeatingstr/map.go:14.43,17.4 1 1
gostudy/nonrepeatingstr/map.go:19.34,22.4 1 1
gostudy/nonrepeatingstr/map.go:32.13,48.22 3 0
gostudy/nonrepeatingstr/map.go:54.2,59.25 5 0
gostudy/nonrepeatingstr/map.go:66.2,66.26 1 0
gostudy/nonrepeatingstr/map.go:48.22,52.3 2 0
gostudy/nonrepeatingstr/map.go:59.25,62.3 1 0
gostudy/nonrepeatingstr/map.go:62.8,64.3 1 0
gostudy/nonrepeatingstr/map.go:66.27,68.3 0 0
gostudy/nonrepeatingstr/map.go:68.8,70.3 1 0
